Mplus VERSION 8.1 (Mac)
MUTHEN & MUTHEN
10/19/2018   8:44 PM

INPUT INSTRUCTIONS

  TITLE: Equal variances and equal covariances
  DATA: File is d.dat;
  VARIABLE:
  Names are id sInvented sProcedural sConceptual;
  Classes = c(2);
  IDVARIABLE = id;
  CATEGORICAL = sInvented sProcedural sConceptual;
  Missing are all (-999);
  MODEL:
  %overall%
  %c#1%
  sInvented WITH sProcedural (4);
  sInvented WITH sConceptual (5);
  sProcedural WITH sConceptual (6);
  %c#2%
  sInvented WITH sProcedural (4);
  sInvented WITH sConceptual (5);
  sProcedural WITH sConceptual (6);
  ANALYSIS:
  Type is mixture;
  PARAMETERIZATION = RESCOVARIANCES;
  starts = 100 10;
  miterations = 500;
  stiterations = 20;
  convergence = 1e-06;
  processors = 1;
  stscale = 3;
  OUTPUT: tech1 tech4 tech7 TECH11 tech14 tech12 tech13 sampstat svalues patterns residual
  stdyx;
  SAVEDATA: File is d-mod.dat;
  SAVE = CPROBABILITIES;



*** WARNING in VARIABLE command
  Note that only the first 8 characters of variable names are used in the output.
  Shorten variable names to avoid any confusion.
*** WARNING in MODEL command
  All variables are uncorrelated with all other variables within class.
  Check that this is what is intended.
*** WARNING in OUTPUT command
  SAMPSTAT option is not available when all outcomes are censored, ordered
  categorical, unordered categorical (nominal), count or continuous-time
  survival variables.  Request for SAMPSTAT is ignored.
*** WARNING in OUTPUT command
  TECH12 option is not available when there are no continuous dependent variables
  in the analysis.  Request for TECH12 is ignored.
*** WARNING in OUTPUT command
  TECH13 option is not available for TYPE=MIXTURE with ALGORITHM=INTEGRATION.
  Request for TECH13 is ignored.
   5 WARNING(S) FOUND IN THE INPUT INSTRUCTIONS



Equal variances and equal covariances

SUMMARY OF ANALYSIS

Number of groups                                                 1
Number of observations                                        2813

Number of dependent variables                                    3
Number of independent variables                                  0
Number of continuous latent variables                            0
Number of categorical latent variables                           1

Observed dependent variables

  Binary and ordered categorical (ordinal)
   SINVENTE    SPROCEDU    SCONCEPT

Categorical latent variables
   C

Variables with special functions

  ID variable           ID

Estimator                                                      MLR
Information matrix                                        OBSERVED
Optimization Specifications for the Quasi-Newton Algorithm for
Continuous Outcomes
  Maximum number of iterations                                 100
  Convergence criterion                                  0.100D-05
Optimization Specifications for the EM Algorithm
  Maximum number of iterations                                 500
  Convergence criteria
    Loglikelihood change                                 0.100D-02
    Relative loglikelihood change                        0.100D-05
    Derivative                                           0.100D-02
Optimization Specifications for the M step of the EM Algorithm for
Categorical Latent variables
  Number of M step iterations                                    1
  M step convergence criterion                           0.100D-02
  Basis for M step termination                           ITERATION
Optimization Specifications for the M step of the EM Algorithm for
Censored, Binary or Ordered Categorical (Ordinal), Unordered
Categorical (Nominal) and Count Outcomes
  Number of M step iterations                                    1
  M step convergence criterion                           0.100D-02
  Basis for M step termination                           ITERATION
  Maximum value for logit thresholds                            15
  Minimum value for logit thresholds                           -15
  Minimum expected cell size for chi-square              0.100D-01
Maximum number of iterations for H1                           2000
Convergence criterion for H1                             0.100D-03
Optimization algorithm                                         EMA
Integration Specifications
  Type                                                    STANDARD
  Number of integration points                                  15
  Dimensions of numerical integration                            0
  Adaptive quadrature                                           ON
Random Starts Specifications
  Number of initial stage random starts                        100
  Number of final stage optimizations                           10
  Number of initial stage iterations                            20
  Initial stage convergence criterion                    0.100D+01
  Random starts scale                                    0.300D+01
  Random seed for generating random starts                       0
Link                                                         LOGIT
Cholesky                                                        ON

Input data file(s)
  d.dat
Input data format  FREE


SUMMARY OF DATA

     Number of missing data patterns             1
     Number of y missing data patterns           0
     Number of u missing data patterns           1


SUMMARY OF MISSING DATA PATTERNS


COVARIANCE COVERAGE OF DATA

Minimum covariance coverage value   0.100


UNIVARIATE PROPORTIONS AND COUNTS FOR CATEGORICAL VARIABLES

    SINVENTE
      Category 1    0.494         1390.000
      Category 2    0.506         1423.000
    SPROCEDU
      Category 1    0.482         1355.000
      Category 2    0.518         1458.000
    SCONCEPT
      Category 1    0.404         1137.000
      Category 2    0.596         1676.000


RANDOM STARTS RESULTS RANKED FROM THE BEST TO THE WORST LOGLIKELIHOOD VALUES

Final stage loglikelihood values at local maxima, seeds, and initial stage start numbers:

           -5620.307  260601           36
           -5620.308  915107           54
           -5620.310  902278           21
           -5620.313  207896           25
           -5620.325  127215           9
           -5620.345  915642           40
           -5620.449  131856           90
           -5620.466  341041           34
           -5620.475  124999           96
           -5620.512  475420           71



THE BEST LOGLIKELIHOOD VALUE HAS BEEN REPLICATED.  RERUN WITH AT LEAST TWICE THE
RANDOM STARTS TO CHECK THAT THE BEST LOGLIKELIHOOD IS STILL OBTAINED AND REPLICATED.

     ONE OR MORE PARAMETERS WERE FIXED TO AVOID SINGULARITY OF THE
     INFORMATION MATRIX. THE SINGULARITY IS MOST LIKELY BECAUSE THE
     MODEL IS NOT IDENTIFIED, OR BECAUSE OF EMPTY CELLS IN THE JOINT
     DISTRIBUTION OF THE CATEGORICAL VARIABLES IN THE MODEL.
     THE FOLLOWING PARAMETERS WERE FIXED:
     Parameter 8, %C#2%: [ SPROCEDURAL$1 ]
     Parameter 9, %C#2%: [ SCONCEPTUAL$1 ]
     Parameter 10, [ C#1 ]


THE MODEL ESTIMATION TERMINATED NORMALLY



MODEL FIT INFORMATION

Number of Free Parameters                       10

Loglikelihood

          H0 Value                       -5620.307
          H0 Scaling Correction Factor      0.7114
            for MLR

Information Criteria

          Akaike (AIC)                   11260.614
          Bayesian (BIC)                 11320.034
          Sample-Size Adjusted BIC       11288.261
            (n* = (n + 2) / 24)

Chi-Square Test of Model Fit for the Binary and Ordered Categorical
(Ordinal) Outcomes

          Pearson Chi-Square

          Value                              0.003
          Degrees of freedom cannot be computed for this model part.

          Likelihood Ratio Chi-Square

          Value                              0.003
          Degrees of freedom cannot be computed for this model part.



FINAL CLASS COUNTS AND PROPORTIONS FOR THE LATENT CLASSES
BASED ON THE ESTIMATED MODEL

    Latent
   Classes

       1       1128.83366          0.40129
       2       1684.16634          0.59871


FINAL CLASS COUNTS AND PROPORTIONS FOR THE LATENT CLASSES
BASED ON ESTIMATED POSTERIOR PROBABILITIES

    Latent
   Classes

       1       1128.88446          0.40131
       2       1684.11554          0.59869


FINAL CLASS COUNTS AND PROPORTIONS FOR THE LATENT CLASSES
BASED ON THEIR MOST LIKELY LATENT CLASS MEMBERSHIP

Class Counts and Proportions

    Latent
   Classes

       1             1179          0.41913
       2             1634          0.58087


CLASSIFICATION QUALITY

     Entropy                         0.575


Average Latent Class Probabilities for Most Likely Latent Class Membership (Row)
by Latent Class (Column)

           1        2

    1   0.844    0.156
    2   0.082    0.918


Classification Probabilities for the Most Likely Latent Class Membership (Column)
by Latent Class (Row)

           1        2

    1   0.881    0.119
    2   0.109    0.891


Logits for the Classification Probabilities for the Most Likely Latent Class Membership (Column)
by Latent Class (Row)

              1        2

    1      2.002    0.000
    2     -2.096    0.000


MODEL RESULTS

                                                    Two-Tailed
                    Estimate       S.E.  Est./S.E.    P-Value

Latent Class 1

 SINVENTE WITH
    SPROCEDURA        -0.205      0.550     -0.373      0.709
    SCONCEPTUA         1.127      0.320      3.520      0.000

 SPROCEDU WITH
    SCONCEPTUA         1.196      0.220      5.423      0.000

 Thresholds
    SINVENTE$1        -0.074      1.380     -0.054      0.957
    SPROCEDU$1        -1.534      2.431     -0.631      0.528
    SCONCEPT$1         4.334      0.344     12.591      0.000

Latent Class 2

 SINVENTE WITH
    SPROCEDURA        -0.205      0.550     -0.373      0.709
    SCONCEPTUA         1.127      0.320      3.520      0.000

 SPROCEDU WITH
    SCONCEPTUA         1.196      0.220      5.423      0.000

 Thresholds
    SINVENTE$1         2.420      1.296      1.868      0.062
    SPROCEDU$1         2.983      0.000    999.000    999.000
    SCONCEPT$1         2.217      0.000    999.000    999.000

Categorical Latent Variables

 Means
    C#1               -0.400      0.000    999.000    999.000


STANDARDIZED MODEL RESULTS


STDYX Standardization

                                                    Two-Tailed
                    Estimate       S.E.  Est./S.E.    P-Value

Latent Class 1

 SINVENTE WITH
    SPROCEDURA        -0.062      0.167     -0.373      0.709
    SCONCEPTUA         0.342      0.097      3.520      0.000

 SPROCEDU WITH
    SCONCEPTUA         0.363      0.067      5.423      0.000

 Thresholds
    SINVENTE$1        -0.041      0.761     -0.054      0.957
    SPROCEDU$1        -0.845      1.341     -0.631      0.528
    SCONCEPT$1         2.389      0.190     12.591      0.000

Latent Class 2

 SINVENTE WITH
    SPROCEDURA        -0.062      0.167     -0.373      0.709
    SCONCEPTUA         0.342      0.097      3.520      0.000

 SPROCEDU WITH
    SCONCEPTUA         0.363      0.067      5.423      0.000

 Thresholds
    SINVENTE$1         1.334      0.714      1.868      0.062
    SPROCEDU$1         1.645      0.000    999.000    999.000
    SCONCEPT$1         1.222      0.000    999.000    999.000


QUALITY OF NUMERICAL RESULTS

     Condition Number for the Information Matrix              0.182E-04
       (ratio of smallest to largest eigenvalue)


MODEL COMMAND WITH FINAL ESTIMATES USED AS STARTING VALUES

     %OVERALL%

     [ c#1*-0.40009 ];

     %C#1%

     sinvented WITH sprocedural*-0.20504 (1);
     sinvented WITH sconceptual*1.12665 (2);
     sprocedural WITH sconceptual*1.19565 (3);

     [ sinvented$1*-0.07440 ];
     [ sprocedural$1*-1.53350 ];
     [ sconceptual$1*4.33405 ];

     %C#2%

     sinvented WITH sprocedural*-0.20504 (1);
     sinvented WITH sconceptual*1.12665 (2);
     sprocedural WITH sconceptual*1.19565 (3);

     [ sinvented$1*2.42024 ];
     [ sprocedural$1*2.98285 ];
     [ sconceptual$1*2.21677 ];



RESIDUAL OUTPUT


     UNIVARIATE DISTRIBUTION FIT FOR CLASS 1

     Variable          Observed      Estimated      Residual (Obs.-Est.)    Stand. Residual
     SINVENTE
       Category 1        0.217          0.217                  0.000                0.001
       Category 2        0.783          0.783                  0.000               -0.001
     SPROCEDU
       Category 1        0.056          0.056                  0.000                0.005
       Category 2        0.944          0.944                  0.000               -0.005
     SCONCEPT
       Category 1        0.496          0.497                  0.000               -0.008
       Category 2        0.504          0.503                  0.000                0.008


     BIVARIATE DISTRIBUTIONS FIT FOR CLASS 1

     Variable       Variable          Observed     Estimated    Residual (Obs.-Est.)  Stand. Residual
     SINVENTE       SPROCEDU
       Category 1     Category 1        0.013       0.013             0.000           -0.002
       Category 1     Category 2        0.204       0.204             0.000            0.001
       Category 2     Category 1        0.043       0.043             0.000            0.007
       Category 2     Category 2        0.739       0.739             0.000           -0.004
     SINVENTE       SCONCEPT
       Category 1     Category 1        0.153       0.153             0.000            0.009
       Category 1     Category 2        0.064       0.064             0.000           -0.012
       Category 2     Category 1        0.343       0.343             0.000           -0.015
       Category 2     Category 2        0.439       0.439             0.000            0.014
     SPROCEDU       SCONCEPT
       Category 1     Category 1        0.042       0.042             0.000            0.008
       Category 1     Category 2        0.014       0.014             0.000           -0.003
       Category 2     Category 1        0.454       0.454             0.000           -0.011
       Category 2     Category 2        0.489       0.489             0.000            0.008


     UNIVARIATE DISTRIBUTION FIT FOR CLASS 2

     Variable          Observed      Estimated      Residual (Obs.-Est.)    Stand. Residual
     SINVENTE
       Category 1        0.680          0.680                  0.000                0.004
       Category 2        0.320          0.320                  0.000               -0.004
     SPROCEDU
       Category 1        0.767          0.767                  0.000                0.011
       Category 2        0.233          0.233                  0.000               -0.011
     SCONCEPT
       Category 1        0.342          0.342                  0.000                0.000
       Category 2        0.658          0.658                  0.000                0.000


     BIVARIATE DISTRIBUTIONS FIT FOR CLASS 2

     Variable       Variable          Observed     Estimated    Residual (Obs.-Est.)  Stand. Residual
     SINVENTE       SPROCEDU
       Category 1     Category 1        0.522       0.522             0.000            0.016
       Category 1     Category 2        0.157       0.158             0.000           -0.016
       Category 2     Category 1        0.245       0.245             0.000           -0.008
       Category 2     Category 2        0.076       0.076             0.000            0.006
     SINVENTE       SCONCEPT
       Category 1     Category 1        0.281       0.281             0.000           -0.009
       Category 1     Category 2        0.399       0.399             0.000            0.012
       Category 2     Category 1        0.061       0.061             0.000            0.017
       Category 2     Category 2        0.259       0.259             0.000           -0.014
     SPROCEDU       SCONCEPT
       Category 1     Category 1        0.302       0.302             0.000           -0.002
       Category 1     Category 2        0.464       0.464             0.000            0.011
       Category 2     Category 1        0.040       0.040             0.000            0.005
       Category 2     Category 2        0.193       0.193             0.000           -0.014


TECHNICAL 1 OUTPUT


     PARAMETER SPECIFICATION FOR LATENT CLASS 1


           NU
              SINVENTE      SPROCEDU      SCONCEPT
              ________      ________      ________
                    0             0             0


           THETA
              SINVENTE      SPROCEDU      SCONCEPT
              ________      ________      ________
 SINVENTE           0
 SPROCEDU           1             0
 SCONCEPT           2             3             0


     PARAMETER SPECIFICATION FOR LATENT CLASS 2


           NU
              SINVENTE      SPROCEDU      SCONCEPT
              ________      ________      ________
                    0             0             0


           THETA
              SINVENTE      SPROCEDU      SCONCEPT
              ________      ________      ________
 SINVENTE           0
 SPROCEDU           1             0
 SCONCEPT           2             3             0


     PARAMETER SPECIFICATION FOR LATENT CLASS INDICATOR MODEL PART


           TAU(U) FOR LATENT CLASS 1
              SINVENTE      SPROCEDU      SCONCEPT
              ________      ________      ________
                    4             5             6


           TAU(U) FOR LATENT CLASS 2
              SINVENTE      SPROCEDU      SCONCEPT
              ________      ________      ________
                    7             8             9


     PARAMETER SPECIFICATION FOR LATENT CLASS REGRESSION MODEL PART


           ALPHA(C)
              C#1           C#2
              ________      ________
                   10             0


     STARTING VALUES FOR LATENT CLASS 1


           NU
              SINVENTE      SPROCEDU      SCONCEPT
              ________      ________      ________
                0.000         0.000         0.000


           THETA
              SINVENTE      SPROCEDU      SCONCEPT
              ________      ________      ________
 SINVENTE       1.000
 SPROCEDU       0.000         1.000
 SCONCEPT       0.000         0.000         1.000


     STARTING VALUES FOR LATENT CLASS 2


           NU
              SINVENTE      SPROCEDU      SCONCEPT
              ________      ________      ________
                0.000         0.000         0.000


           THETA
              SINVENTE      SPROCEDU      SCONCEPT
              ________      ________      ________
 SINVENTE       1.000
 SPROCEDU       0.000         1.000
 SCONCEPT       0.000         0.000         1.000


     STARTING VALUES FOR LATENT CLASS INDICATOR MODEL PART


           TAU(U) FOR LATENT CLASS 1
              SINVENTE      SPROCEDU      SCONCEPT
              ________      ________      ________
               -1.023        -1.073        -1.388


           TAU(U) FOR LATENT CLASS 2
              SINVENTE      SPROCEDU      SCONCEPT
              ________      ________      ________
                0.977         0.927         0.612


     STARTING VALUES FOR LATENT CLASS REGRESSION MODEL PART


           ALPHA(C)
              C#1           C#2
              ________      ________
                0.000         0.000


TECHNICAL 4 OUTPUT


TECHNICAL 7 OUTPUT


     UNIVARIATE SAMPLE DISTRIBUTIONS FOR CLASS 1

     Variable
     SINVENTE
       Category 1        0.217
       Category 2        0.783
     SPROCEDU
       Category 1        0.056
       Category 2        0.944
     SCONCEPT
       Category 1        0.496
       Category 2        0.504


     BIVARIATE SAMPLE DISTRIBUTIONS FOR CLASS 1

     Variable       Variable
     SINVENTE       SPROCEDU
       Category 1     Category 1        0.013
       Category 1     Category 2        0.204
       Category 2     Category 1        0.043
       Category 2     Category 2        0.739
     SINVENTE       SCONCEPT
       Category 1     Category 1        0.153
       Category 1     Category 2        0.064
       Category 2     Category 1        0.343
       Category 2     Category 2        0.439
     SPROCEDU       SCONCEPT
       Category 1     Category 1        0.042
       Category 1     Category 2        0.014
       Category 2     Category 1        0.454
       Category 2     Category 2        0.489


     UNIVARIATE SAMPLE DISTRIBUTIONS FOR CLASS 2

     Variable
     SINVENTE
       Category 1        0.680
       Category 2        0.320
     SPROCEDU
       Category 1        0.767
       Category 2        0.233
     SCONCEPT
       Category 1        0.342
       Category 2        0.658


     BIVARIATE SAMPLE DISTRIBUTIONS FOR CLASS 2

     Variable       Variable
     SINVENTE       SPROCEDU
       Category 1     Category 1        0.522
       Category 1     Category 2        0.157
       Category 2     Category 1        0.245
       Category 2     Category 2        0.076
     SINVENTE       SCONCEPT
       Category 1     Category 1        0.281
       Category 1     Category 2        0.399
       Category 2     Category 1        0.061
       Category 2     Category 2        0.259
     SPROCEDU       SCONCEPT
       Category 1     Category 1        0.302
       Category 1     Category 2        0.464
       Category 2     Category 1        0.040
       Category 2     Category 2        0.193


TECHNICAL 11 OUTPUT

     Random Starts Specifications for the k-1 Class Analysis Model
        Number of initial stage random starts                 100
        Number of final stage optimizations                    10



     VUONG-LO-MENDELL-RUBIN LIKELIHOOD RATIO TEST FOR 1 (H0) VERSUS 2 CLASSES

          H0 Loglikelihood Value                        -5627.416
          2 Times the Loglikelihood Difference             14.219
          Difference in the Number of Parameters                4
          Mean                                              1.244
          Standard Deviation                                1.792
          P-Value                                          0.0006

     LO-MENDELL-RUBIN ADJUSTED LRT TEST

          Value                                            13.785
          P-Value                                          0.0008


TECHNICAL 14 OUTPUT

     Random Starts Specifications for the k-1 Class Analysis Model
        Number of initial stage random starts                 100
        Number of final stage optimizations                    10

     Random Starts Specification for the k-1 Class Model for Generated Data
        Number of initial stage random starts                   0
        Number of final stage optimizations for the
           initial stage random starts                          0
     Random Starts Specification for the k Class Model for Generated Data
        Number of initial stage random starts                  40
        Number of final stage optimizations                     8
     Number of bootstrap draws requested                   Varies


     PARAMETRIC BOOTSTRAPPED LIKELIHOOD RATIO TEST FOR 1 (H0) VERSUS 2 CLASSES

          H0 Loglikelihood Value                        -5627.416
          2 Times the Loglikelihood Difference             14.219
          Difference in the Number of Parameters                4
          Approximate P-Value                              0.0000
          Successful Bootstrap Draws                           10

     WARNING:  1 OUT OF 11 BOOTSTRAP DRAWS DID NOT CONVERGE.
     INCREASE THE NUMBER OF RANDOM STARTS USING THE LRTSTARTS OPTION.



SAVEDATA INFORMATION


  Save file
    d-mod.dat

  Order and format of variables

    SINVENTE       F10.3
    SPROCEDU       F10.3
    SCONCEPT       F10.3
    CPROB1         F10.3
    CPROB2         F10.3
    C              F10.3
    ID             I5

  Save file format
    6F10.3 I5

  Save file record length    10000


     Beginning Time:  20:44:25
        Ending Time:  20:44:26
       Elapsed Time:  00:00:01



MUTHEN & MUTHEN
3463 Stoner Ave.
Los Angeles, CA  90066

Tel: (310) 391-9971
Fax: (310) 391-8971
Web: www.StatModel.com
Support: Support@StatModel.com

Copyright (c) 1998-2018 Muthen & Muthen
